{"__type":"$$EventMessageAudit","id":"ae23e515-7c9f-47cf-803b-887cc85f6e5f","ts":"2026-04-23T17:49:53.577+00:00","eventName":"n8n.audit.workflow.created","message":"n8n.audit.workflow.created","payload":{"userId":"818bf8f5-bf2c-4e42-b805-829f071da1e2","_email":"cbelmer28@gmail.com","_firstName":"Elmer","_lastName":"Calizaya","globalRole":"global:owner","workflowId":"BiwTLJWrXoH3pCi2","workflowName":"QA Report Automation"}}
{"__type":"$$EventMessageConfirm","confirm":"ae23e515-7c9f-47cf-803b-887cc85f6e5f","ts":"2026-04-23T17:49:53.579+00:00","source":{"id":"0","name":"eventBus"}}
{"__type":"$$EventMessageAudit","id":"e92eb0df-1c44-4103-88d9-a0c1e5f9751e","ts":"2026-04-23T17:53:47.881+00:00","eventName":"n8n.audit.user.credentials.created","message":"n8n.audit.user.credentials.created","payload":{"userId":"818bf8f5-bf2c-4e42-b805-829f071da1e2","_email":"cbelmer28@gmail.com","_firstName":"Elmer","_lastName":"Calizaya","globalRole":"global:owner","credentialType":"googleApi","credentialId":"JAAcdHCnqP3J9r8B","publicApi":false,"projectId":"PMDnquIxeiMF2PzB","projectType":"personal"}}
{"__type":"$$EventMessageConfirm","confirm":"e92eb0df-1c44-4103-88d9-a0c1e5f9751e","ts":"2026-04-23T17:53:47.881+00:00","source":{"id":"0","name":"eventBus"}}
{"__type":"$$EventMessageAudit","id":"50ecd8da-3f00-4b1c-ad35-cafe959e60a3","ts":"2026-04-23T17:56:11.858+00:00","eventName":"n8n.audit.user.credentials.updated","message":"n8n.audit.user.credentials.updated","payload":{"userId":"818bf8f5-bf2c-4e42-b805-829f071da1e2","_email":"cbelmer28@gmail.com","_firstName":"Elmer","_lastName":"Calizaya","globalRole":"global:owner","credentialType":"googleApi","credentialId":"JAAcdHCnqP3J9r8B"}}
{"__type":"$$EventMessageConfirm","confirm":"50ecd8da-3f00-4b1c-ad35-cafe959e60a3","ts":"2026-04-23T17:56:11.858+00:00","source":{"id":"0","name":"eventBus"}}
{"__type":"$$EventMessageWorkflow","id":"a9c7cb59-67e0-48ba-9c89-cd69eda67160","ts":"2026-04-23T14:29:05.143-04:00","eventName":"n8n.workflow.started","message":"n8n.workflow.started","payload":{"executionId":"1","workflowId":"BiwTLJWrXoH3pCi2","isManual":false,"workflowName":"QA Report Automation"}}
{"__type":"$$EventMessageConfirm","confirm":"a9c7cb59-67e0-48ba-9c89-cd69eda67160","ts":"2026-04-23T14:29:05.144-04:00","source":{"id":"0","name":"eventBus"}}
{"__type":"$$EventMessageNode","id":"34df381d-fe7c-40e4-96e5-27e96d7cdd43","ts":"2026-04-23T14:29:05.151-04:00","eventName":"n8n.node.started","message":"n8n.node.started","payload":{"workflowId":"BiwTLJWrXoH3pCi2","workflowName":"QA Report Automation","executionId":"1","nodeType":"n8n-nodes-base.webhook","nodeName":"Webhook Trigger","nodeId":"92e49b5b-cf7b-45ea-847a-96c84379300f"}}
{"__type":"$$EventMessageConfirm","confirm":"34df381d-fe7c-40e4-96e5-27e96d7cdd43","ts":"2026-04-23T14:29:05.152-04:00","source":{"id":"0","name":"eventBus"}}
{"__type":"$$EventMessageNode","id":"ba181310-33dd-49f5-9e22-037cda7b56d3","ts":"2026-04-23T14:29:05.161-04:00","eventName":"n8n.node.finished","message":"n8n.node.finished","payload":{"workflowId":"BiwTLJWrXoH3pCi2","workflowName":"QA Report Automation","executionId":"1","nodeType":"n8n-nodes-base.webhook","nodeName":"Webhook Trigger","nodeId":"92e49b5b-cf7b-45ea-847a-96c84379300f"}}
{"__type":"$$EventMessageConfirm","confirm":"ba181310-33dd-49f5-9e22-037cda7b56d3","ts":"2026-04-23T14:29:05.161-04:00","source":{"id":"0","name":"eventBus"}}
{"__type":"$$EventMessageNode","id":"22e1512b-7867-4289-bad8-2068c539e54e","ts":"2026-04-23T14:29:05.168-04:00","eventName":"n8n.node.started","message":"n8n.node.started","payload":{"workflowId":"BiwTLJWrXoH3pCi2","workflowName":"QA Report Automation","executionId":"1","nodeType":"n8n-nodes-base.readBinaryFile","nodeName":"Read CSV File","nodeId":"8c8106e6-c2b2-413f-9e83-3d6db5dfbc3a"}}
{"__type":"$$EventMessageConfirm","confirm":"22e1512b-7867-4289-bad8-2068c539e54e","ts":"2026-04-23T14:29:05.168-04:00","source":{"id":"0","name":"eventBus"}}
{"__type":"$$EventMessageNode","id":"5f6b238f-1783-4416-8ae1-11914f79c1d2","ts":"2026-04-23T14:29:05.223-04:00","eventName":"n8n.node.finished","message":"n8n.node.finished","payload":{"workflowId":"BiwTLJWrXoH3pCi2","workflowName":"QA Report Automation","executionId":"1","nodeType":"n8n-nodes-base.readBinaryFile","nodeName":"Read CSV File","nodeId":"8c8106e6-c2b2-413f-9e83-3d6db5dfbc3a"}}
{"__type":"$$EventMessageConfirm","confirm":"5f6b238f-1783-4416-8ae1-11914f79c1d2","ts":"2026-04-23T14:29:05.223-04:00","source":{"id":"0","name":"eventBus"}}
{"__type":"$$EventMessageWorkflow","id":"4c9271f1-cabb-44cb-9be1-20cfbaa71912","ts":"2026-04-23T14:29:05.253-04:00","eventName":"n8n.workflow.failed","message":"n8n.workflow.failed","payload":{"executionId":"1","success":false,"isManual":true,"workflowId":"BiwTLJWrXoH3pCi2","workflowName":"QA Report Automation","lastNodeExecuted":"Read CSV File","errorNodeType":"n8n-nodes-base.readBinaryFile","errorMessage":"The file \"/data/project/allure_results_summary.csv\" could not be accessed."}}
{"__type":"$$EventMessageConfirm","confirm":"4c9271f1-cabb-44cb-9be1-20cfbaa71912","ts":"2026-04-23T14:29:05.254-04:00","source":{"id":"0","name":"eventBus"}}
{"__type":"$$EventMessageWorkflow","id":"4018e1aa-c92d-4cf1-878f-c071fb9457aa","ts":"2026-04-23T14:29:05.344-04:00","eventName":"n8n.workflow.failed","message":"n8n.workflow.failed","payload":{"executionId":"1","success":false,"isManual":true,"workflowId":"BiwTLJWrXoH3pCi2","workflowName":"QA Report Automation","lastNodeExecuted":"Read CSV File","errorMessage":"SQLITE_IOERR: disk I/O error"}}
{"__type":"$$EventMessageConfirm","confirm":"4018e1aa-c92d-4cf1-878f-c071fb9457aa","ts":"2026-04-23T14:29:05.344-04:00","source":{"id":"0","name":"eventBus"}}
